<?xml version="1.0" encoding="UTF-8"?>
<!-- Generated by org.testng.reporters.JUnitReportReporter -->
<testsuite hostname="ITSH2KP-evan" failures="0" tests="1" name="Testing1.Testing1File" time="0.022" errors="0" timestamp="2023-04-27T14:03:10 WIB" skipped="0">
  <testcase classname="Testing1.Testing1File" name="f" time="0.022"/>
  <system-out/>
</testsuite> <!-- Testing1.Testing1File -->
