<?xml version="1.0" encoding="UTF-8"?>
<!-- Generated by org.testng.reporters.JUnitReportReporter -->
<testsuite hostname="ITSH2KP-evan" failures="0" tests="5" name="FirstTestNGPackage.SecondTestNGFile" time="0.021" errors="0" timestamp="2023-05-26T15:55:56 WIB" skipped="0">
  <testcase classname="FirstTestNGPackage.SecondTestNGFile" name="e_method" time="0.003"/>
  <system-out/>
  <testcase classname="FirstTestNGPackage.SecondTestNGFile" name="b_method" time="0.006"/>
  <system-out/>
  <testcase classname="FirstTestNGPackage.SecondTestNGFile" name="c_method" time="0.010"/>
  <system-out/>
  <testcase classname="FirstTestNGPackage.SecondTestNGFile" name="d_method" time="0.001"/>
  <system-out/>
  <testcase classname="FirstTestNGPackage.SecondTestNGFile" name="a_method" time="0.001"/>
  <system-out/>
</testsuite> <!-- FirstTestNGPackage.SecondTestNGFile -->
